<?xml version="1.0" encoding="UTF-8" ?>
<testsuite errors="1" failures="0" hostname="HOME" name="mindbadger.acceptance.IRunATest" tests="1" time="0.383" timestamp="2011-03-23T20:34:28">
  <properties>
    <property name="java.runtime.name" value="Java(TM) SE Runtime Environment" />
    <property name="jruby.home" value="C:\mark\jruby-1.5.1" />
    <property name="sun.boot.library.path" value="C:\Mark\java\jdk1.6.0_11\jre\bin" />
    <property name="java.vm.version" value="11.0-b16" />
    <property name="ant.version" value="Apache Ant version 1.8.0 compiled on February 1 2010" />
    <property name="ant.java.version" value="1.6" />
    <property name="java.vm.vendor" value="Sun Microsystems Inc." />
    <property name="java.vendor.url" value="http://java.sun.com/" />
    <property name="path.separator" value=";" />
    <property name="java.vm.name" value="Java HotSpot(TM) Client VM" />
    <property name="file.encoding.pkg" value="sun.io" />
    <property name="user.country" value="GB" />
    <property name="sun.java.launcher" value="SUN_STANDARD" />
    <property name="sun.os.patch.level" value="Service Pack 1" />
    <property name="java.vm.specification.name" value="Java Virtual Machine Specification" />
    <property name="user.dir" value="C:\checkout\SimpleSwingGUI" />
    <property name="java.runtime.version" value="1.6.0_11-b03" />
    <property name="java.awt.graphicsenv" value="sun.awt.Win32GraphicsEnvironment" />
    <property name="basedir" value="C:\checkout\SimpleSwingGUI" />
    <property name="java.endorsed.dirs" value="C:\Mark\java\jdk1.6.0_11\jre\lib\endorsed" />
    <property name="os.arch" value="x86" />
    <property name="ant.project.default-target" value="" />
    <property name="java.io.tmpdir" value="C:\Users\Mark\AppData\Local\Temp\" />
    <property name="ant.core.lib" value="C:\Users\Mark\.m2\repository\org\apache\ant\ant\1.8.0\ant-1.8.0.jar" />
    <property name="line.separator" value="
" />
    <property name="java.vm.specification.vendor" value="Sun Microsystems Inc." />
    <property name="user.variant" value="" />
    <property name="os.name" value="Windows Vista" />
    <property name="jdk.home" value="C:\Mark\java\jdk1.6.0_11" />
    <property name="ant.project.name" value="junit" />
    <property name="sun.jnu.encoding" value="Cp1252" />
    <property name="java.library.path" value="C:\Mark\java\jdk1.6.0_11\jre\bin;.;C:\Windows\Sun\Java\bin;C:\Windows\system32;C:\Windows;C:\oraclexe\app\oracle\product\10.2.0\server\bin;C:\Windows\system32;C:\Windows;C:\Windows\System32\Wbem;C:\Mark\apache-ant-1.7.1\bin;C:\Program Files\CyberLink\Power2Go;C:\Program Files\MySQL\MySQL Server 5.1\bin;C:\Mark\apache-maven-2.2.1\bin;C:\Mark\java\jdk1.6.0_11\bin;C:\Mark\jboss-6.0.0.20100429-M3\bin;C:\Windows\System32\WindowsPowerShell\v1.0\;C:\Mark\glassfish\bin;C:\mark\jruby-1.5.1\bin;C:\Program Files\Git\cmd" />
    <property name="jruby.memory.max" value="500m" />
    <property name="java.specification.name" value="Java Platform API Specification" />
    <property name="java.class.version" value="50.0" />
    <property name="sun.management.compiler" value="HotSpot Client Compiler" />
    <property name="os.version" value="6.1" />
    <property name="jffi.boot.library.path" value="C:\mark\jruby-1.5.1\lib\native\i386-Windows;C:\mark\jruby-1.5.1\lib\native\x86_64-Windows" />
    <property name="user.home" value="C:\Users\Mark" />
    <property name="user.timezone" value="" />
    <property name="java.awt.printerjob" value="sun.awt.windows.WPrinterJob" />
    <property name="java.specification.version" value="1.6" />
    <property name="file.encoding" value="Cp1252" />
    <property name="user.name" value="Mark" />
    <property name="jruby.stack.max" value="1024k" />
    <property name="jruby.script" value="jruby" />
    <property name="java.class.path" value="C:\Users\Mark\.m2\repository\org\junit\com.springsource.org.junit\4.7.0\com.springsource.org.junit-4.7.0.jar;C:\Users\Mark\.m2\repository\org\jbehave\jbehave-core\3.2-beta-2\jbehave-core-3.2-beta-2.jar;C:\Users\Mark\.m2\repository\mindbadger\bdd\SwingJBehave\1.0.0\SwingJBehave-1.0.0.jar;C:\Users\Mark\.m2\repository\commons-collections\commons-collections\3.2\commons-collections-3.2.jar;C:\Users\Mark\.m2\repository\org\freemarker\freemarker\2.3.9\freemarker-2.3.9.jar;C:\Users\Mark\.m2\repository\commons-lang\commons-lang\2.5\commons-lang-2.5.jar;C:\checkout\SimpleSwingGUI\test-classes;C:\checkout\SimpleSwingGUI\target\test\resources;C:\checkout\SimpleSwingGUI\classes;C:\Users\Mark\.m2\repository\junit\junit\4.7\junit-4.7.jar;C:\Users\Mark\.m2\repository\org\jmock\jmock\2.5.1\jmock-2.5.1.jar;C:\Users\Mark\.m2\repository\org\jmock\jmock-junit4\2.5.1\jmock-junit4-2.5.1.jar;C:\Users\Mark\.m2\repository\org\hamcrest\hamcrest-core\1.1\hamcrest-core-1.1.jar;C:\Users\Mark\.m2\repository\org\hamcrest\hamcrest-library\1.1\hamcrest-library-1.1.jar;C:\Users\Mark\.m2\repository\org\apache\ant\ant-launcher\1.8.0\ant-launcher-1.8.0.jar;C:\Users\Mark\.m2\repository\org\apache\ant\ant\1.8.0\ant-1.8.0.jar;C:\Users\Mark\.m2\repository\org\apache\ant\ant-junit\1.8.0\ant-junit-1.8.0.jar" />
    <property name="jruby.shell" value="cmd.exe" />
    <property name="java.vm.specification.version" value="1.0" />
    <property name="sun.arch.data.model" value="32" />
    <property name="java.home" value="C:\Mark\java\jdk1.6.0_11\jre" />
    <property name="java.specification.vendor" value="Sun Microsystems Inc." />
    <property name="user.language" value="en" />
    <property name="awt.toolkit" value="sun.awt.windows.WToolkit" />
    <property name="java.vm.info" value="mixed mode, sharing" />
    <property name="java.version" value="1.6.0_11" />
    <property name="java.ext.dirs" value="C:\Mark\java\jdk1.6.0_11\jre\lib\ext;C:\Windows\Sun\Java\lib\ext" />
    <property name="sun.boot.class.path" value="C:\Mark\java\jdk1.6.0_11\jre\lib\resources.jar;C:\Mark\java\jdk1.6.0_11\jre\lib\rt.jar;C:\Mark\java\jdk1.6.0_11\jre\lib\sunrsasign.jar;C:\Mark\java\jdk1.6.0_11\jre\lib\jsse.jar;C:\Mark\java\jdk1.6.0_11\jre\lib\jce.jar;C:\Mark\java\jdk1.6.0_11\jre\lib\charsets.jar;C:\Mark\java\jdk1.6.0_11\jre\classes" />
    <property name="java.vendor" value="Sun Microsystems Inc." />
    <property name="file.separator" value="\" />
    <property name="java.vendor.url.bug" value="http://java.sun.com/cgi-bin/bugreport.cgi" />
    <property name="sun.io.unicode.encoding" value="UnicodeLittle" />
    <property name="sun.cpu.endian" value="little" />
    <property name="baseDir" value="C:/checkout/SimpleSwingGUI/test-classes" />
    <property name="sun.desktop" value="windows" />
    <property name="sun.cpu.isalist" value="pentium_pro+mmx pentium_pro pentium+mmx pentium i486 i386 i86" />
  </properties>
  <testcase classname="mindbadger.acceptance.IRunATest" name="run" time="0.252">
    <error message="Failures in running stories mindbadger/acceptance/i_run_a_test.story" type="org.jbehave.core.embedder.Embedder$RunningStoriesFailed">org.jbehave.core.embedder.Embedder$RunningStoriesFailed: Failures in running stories mindbadger/acceptance/i_run_a_test.story
	at org.jbehave.core.embedder.Embedder.runStoriesAsPaths(Embedder.java:211)
	at org.jbehave.core.junit.JUnitStory.run(JUnitStory.java:23)
Caused by: java.lang.NoClassDefFoundError: org/apache/commons/io/IOUtils
	at org.jbehave.core.io.LoadFromClasspath.loadResourceAsText(LoadFromClasspath.java:35)
	at org.jbehave.core.io.LoadFromClasspath.loadStoryAsText(LoadFromClasspath.java:42)
	at org.jbehave.core.embedder.StoryRunner.storyOfPath(StoryRunner.java:94)
	at org.jbehave.core.embedder.Embedder.runStoriesAsPaths(Embedder.java:201)
Caused by: java.lang.ClassNotFoundException: org.apache.commons.io.IOUtils
	at java.net.URLClassLoader$1.run(URLClassLoader.java:200)
	at java.security.AccessController.doPrivileged(Native Method)
	at java.net.URLClassLoader.findClass(URLClassLoader.java:188)
	at java.lang.ClassLoader.loadClass(ClassLoader.java:307)
	at sun.misc.Launcher$AppClassLoader.loadClass(Launcher.java:301)
	at java.lang.ClassLoader.loadClass(ClassLoader.java:252)
	at java.lang.ClassLoader.loadClassInternal(ClassLoader.java:320)
</error>
  </testcase>
  <system-out><![CDATA[Processing system properties {}
Running story mindbadger/acceptance/i_run_a_test.story
]]></system-out>
  <system-err><![CDATA[]]></system-err>
</testsuite>
